<?xml version="1.0" encoding="UTF-8"?>
<!-- Generated by org.testng.reporters.JUnitReportReporter -->
<testsuite hostname="SGRO-299" failures="0" tests="1" name="com.salesforce.testcases.TC001_Signup_Cucumber" time="41.465" errors="0" timestamp="2022-09-11T13:20:56 SGT" skipped="1">
  <testcase classname="com.salesforce.testcases.TC001_Signup_Cucumber" name="runScenario" time="41.465">
    <skipped/>
  </testcase> <!-- runScenario -->
  <system-out/>
</testsuite> <!-- com.salesforce.testcases.TC001_Signup_Cucumber -->
